<?xml version="1.0" encoding="UTF-8"?>
<testsuite xmlns:xsi="http://www.w3.org/2001/XMLSchema-instance" xsi:noNamespaceSchemaLocation="https://maven.apache.org/surefire/maven-surefire-plugin/xsd/surefire-test-report.xsd" name="com.ck.usercenter.service.UserServiceTest" time="11.456" tests="1" errors="0" skipped="0" failures="0">
  <properties>
    <property name="sun.desktop" value="windows"/>
    <property name="awt.toolkit" value="sun.awt.windows.WToolkit"/>
    <property name="file.encoding.pkg" value="sun.io"/>
    <property name="java.specification.version" value="1.8"/>
    <property name="sun.cpu.isalist" value="amd64"/>
    <property name="sun.jnu.encoding" value="GBK"/>
    <property name="java.class.path" value="C:\Other\ideaproject\user-center\target\test-classes;C:\Other\ideaproject\user-center\target\classes;C:\Other\maven\maven_resp\org\springframework\boot\spring-boot-starter-web\2.6.7\spring-boot-starter-web-2.6.7.jar;C:\Other\maven\maven_resp\org\springframework\boot\spring-boot-starter\2.6.7\spring-boot-starter-2.6.7.jar;C:\Other\maven\maven_resp\org\springframework\boot\spring-boot-starter-logging\2.6.7\spring-boot-starter-logging-2.6.7.jar;C:\Other\maven\maven_resp\ch\qos\logback\logback-classic\1.2.11\logback-classic-1.2.11.jar;C:\Other\maven\maven_resp\ch\qos\logback\logback-core\1.2.11\logback-core-1.2.11.jar;C:\Other\maven\maven_resp\org\apache\logging\log4j\log4j-to-slf4j\2.17.2\log4j-to-slf4j-2.17.2.jar;C:\Other\maven\maven_resp\org\apache\logging\log4j\log4j-api\2.17.2\log4j-api-2.17.2.jar;C:\Other\maven\maven_resp\org\slf4j\jul-to-slf4j\1.7.36\jul-to-slf4j-1.7.36.jar;C:\Other\maven\maven_resp\jakarta\annotation\jakarta.annotation-api\1.3.5\jakarta.annotation-api-1.3.5.jar;C:\Other\maven\maven_resp\org\yaml\snakeyaml\1.29\snakeyaml-1.29.jar;C:\Other\maven\maven_resp\org\springframework\boot\spring-boot-starter-json\2.6.7\spring-boot-starter-json-2.6.7.jar;C:\Other\maven\maven_resp\com\fasterxml\jackson\core\jackson-databind\2.13.2.1\jackson-databind-2.13.2.1.jar;C:\Other\maven\maven_resp\com\fasterxml\jackson\core\jackson-annotations\2.13.2\jackson-annotations-2.13.2.jar;C:\Other\maven\maven_resp\com\fasterxml\jackson\core\jackson-core\2.13.2\jackson-core-2.13.2.jar;C:\Other\maven\maven_resp\com\fasterxml\jackson\datatype\jackson-datatype-jdk8\2.13.2\jackson-datatype-jdk8-2.13.2.jar;C:\Other\maven\maven_resp\com\fasterxml\jackson\datatype\jackson-datatype-jsr310\2.13.2\jackson-datatype-jsr310-2.13.2.jar;C:\Other\maven\maven_resp\com\fasterxml\jackson\module\jackson-module-parameter-names\2.13.2\jackson-module-parameter-names-2.13.2.jar;C:\Other\maven\maven_resp\org\springframework\boot\spring-boot-starter-tomcat\2.6.7\spring-boot-starter-tomcat-2.6.7.jar;C:\Other\maven\maven_resp\org\apache\tomcat\embed\tomcat-embed-core\9.0.62\tomcat-embed-core-9.0.62.jar;C:\Other\maven\maven_resp\org\apache\tomcat\embed\tomcat-embed-el\9.0.62\tomcat-embed-el-9.0.62.jar;C:\Other\maven\maven_resp\org\apache\tomcat\embed\tomcat-embed-websocket\9.0.62\tomcat-embed-websocket-9.0.62.jar;C:\Other\maven\maven_resp\org\springframework\spring-web\5.3.19\spring-web-5.3.19.jar;C:\Other\maven\maven_resp\org\springframework\spring-beans\5.3.19\spring-beans-5.3.19.jar;C:\Other\maven\maven_resp\org\springframework\spring-webmvc\5.3.19\spring-webmvc-5.3.19.jar;C:\Other\maven\maven_resp\org\springframework\spring-aop\5.3.19\spring-aop-5.3.19.jar;C:\Other\maven\maven_resp\org\springframework\spring-context\5.3.19\spring-context-5.3.19.jar;C:\Other\maven\maven_resp\org\springframework\spring-expression\5.3.19\spring-expression-5.3.19.jar;C:\Other\maven\maven_resp\org\mybatis\spring\boot\mybatis-spring-boot-starter\2.2.2\mybatis-spring-boot-starter-2.2.2.jar;C:\Other\maven\maven_resp\org\springframework\boot\spring-boot-starter-jdbc\2.6.7\spring-boot-starter-jdbc-2.6.7.jar;C:\Other\maven\maven_resp\com\zaxxer\HikariCP\4.0.3\HikariCP-4.0.3.jar;C:\Other\maven\maven_resp\org\springframework\spring-jdbc\5.3.19\spring-jdbc-5.3.19.jar;C:\Other\maven\maven_resp\org\springframework\spring-tx\5.3.19\spring-tx-5.3.19.jar;C:\Other\maven\maven_resp\org\mybatis\spring\boot\mybatis-spring-boot-autoconfigure\2.2.2\mybatis-spring-boot-autoconfigure-2.2.2.jar;C:\Other\maven\maven_resp\org\mybatis\mybatis\3.5.9\mybatis-3.5.9.jar;C:\Other\maven\maven_resp\org\mybatis\mybatis-spring\2.0.7\mybatis-spring-2.0.7.jar;C:\Other\maven\maven_resp\org\springframework\boot\spring-boot-devtools\2.6.7\spring-boot-devtools-2.6.7.jar;C:\Other\maven\maven_resp\org\springframework\boot\spring-boot\2.6.7\spring-boot-2.6.7.jar;C:\Other\maven\maven_resp\org\springframework\boot\spring-boot-autoconfigure\2.6.7\spring-boot-autoconfigure-2.6.7.jar;C:\Other\maven\maven_resp\mysql\mysql-connector-java\8.0.28\mysql-connector-java-8.0.28.jar;C:\Other\maven\maven_resp\org\apache\commons\commons-lang3\3.12.0\commons-lang3-3.12.0.jar;C:\Other\maven\maven_resp\org\springframework\boot\spring-boot-configuration-processor\2.6.7\spring-boot-configuration-processor-2.6.7.jar;C:\Other\maven\maven_resp\org\projectlombok\lombok\1.18.24\lombok-1.18.24.jar;C:\Other\maven\maven_resp\com\baomidou\mybatis-plus-boot-starter\3.5.1\mybatis-plus-boot-starter-3.5.1.jar;C:\Other\maven\maven_resp\com\baomidou\mybatis-plus\3.5.1\mybatis-plus-3.5.1.jar;C:\Other\maven\maven_resp\com\baomidou\mybatis-plus-extension\3.5.1\mybatis-plus-extension-3.5.1.jar;C:\Other\maven\maven_resp\com\baomidou\mybatis-plus-core\3.5.1\mybatis-plus-core-3.5.1.jar;C:\Other\maven\maven_resp\com\baomidou\mybatis-plus-annotation\3.5.1\mybatis-plus-annotation-3.5.1.jar;C:\Other\maven\maven_resp\com\github\jsqlparser\jsqlparser\4.3\jsqlparser-4.3.jar;C:\Other\maven\maven_resp\org\springframework\boot\spring-boot-starter-test\2.6.7\spring-boot-starter-test-2.6.7.jar;C:\Other\maven\maven_resp\org\springframework\boot\spring-boot-test\2.6.7\spring-boot-test-2.6.7.jar;C:\Other\maven\maven_resp\org\springframework\boot\spring-boot-test-autoconfigure\2.6.7\spring-boot-test-autoconfigure-2.6.7.jar;C:\Other\maven\maven_resp\com\jayway\jsonpath\json-path\2.6.0\json-path-2.6.0.jar;C:\Other\maven\maven_resp\net\minidev\json-smart\2.4.8\json-smart-2.4.8.jar;C:\Other\maven\maven_resp\net\minidev\accessors-smart\2.4.8\accessors-smart-2.4.8.jar;C:\Other\maven\maven_resp\org\ow2\asm\asm\9.1\asm-9.1.jar;C:\Other\maven\maven_resp\jakarta\xml\bind\jakarta.xml.bind-api\2.3.3\jakarta.xml.bind-api-2.3.3.jar;C:\Other\maven\maven_resp\jakarta\activation\jakarta.activation-api\1.2.2\jakarta.activation-api-1.2.2.jar;C:\Other\maven\maven_resp\org\assertj\assertj-core\3.21.0\assertj-core-3.21.0.jar;C:\Other\maven\maven_resp\org\hamcrest\hamcrest\2.2\hamcrest-2.2.jar;C:\Other\maven\maven_resp\org\junit\jupiter\junit-jupiter\5.8.2\junit-jupiter-5.8.2.jar;C:\Other\maven\maven_resp\org\junit\jupiter\junit-jupiter-api\5.8.2\junit-jupiter-api-5.8.2.jar;C:\Other\maven\maven_resp\org\opentest4j\opentest4j\1.2.0\opentest4j-1.2.0.jar;C:\Other\maven\maven_resp\org\junit\platform\junit-platform-commons\1.8.2\junit-platform-commons-1.8.2.jar;C:\Other\maven\maven_resp\org\apiguardian\apiguardian-api\1.1.2\apiguardian-api-1.1.2.jar;C:\Other\maven\maven_resp\org\junit\jupiter\junit-jupiter-params\5.8.2\junit-jupiter-params-5.8.2.jar;C:\Other\maven\maven_resp\org\junit\jupiter\junit-jupiter-engine\5.8.2\junit-jupiter-engine-5.8.2.jar;C:\Other\maven\maven_resp\org\junit\platform\junit-platform-engine\1.8.2\junit-platform-engine-1.8.2.jar;C:\Other\maven\maven_resp\org\mockito\mockito-core\4.0.0\mockito-core-4.0.0.jar;C:\Other\maven\maven_resp\net\bytebuddy\byte-buddy\1.11.22\byte-buddy-1.11.22.jar;C:\Other\maven\maven_resp\net\bytebuddy\byte-buddy-agent\1.11.22\byte-buddy-agent-1.11.22.jar;C:\Other\maven\maven_resp\org\objenesis\objenesis\3.2\objenesis-3.2.jar;C:\Other\maven\maven_resp\org\mockito\mockito-junit-jupiter\4.0.0\mockito-junit-jupiter-4.0.0.jar;C:\Other\maven\maven_resp\org\skyscreamer\jsonassert\1.5.0\jsonassert-1.5.0.jar;C:\Other\maven\maven_resp\com\vaadin\external\google\android-json\0.0.20131108.vaadin1\android-json-0.0.20131108.vaadin1.jar;C:\Other\maven\maven_resp\org\springframework\spring-core\5.3.19\spring-core-5.3.19.jar;C:\Other\maven\maven_resp\org\springframework\spring-jcl\5.3.19\spring-jcl-5.3.19.jar;C:\Other\maven\maven_resp\org\springframework\spring-test\5.3.19\spring-test-5.3.19.jar;C:\Other\maven\maven_resp\org\xmlunit\xmlunit-core\2.8.4\xmlunit-core-2.8.4.jar;C:\Other\maven\maven_resp\junit\junit\4.13.2\junit-4.13.2.jar;C:\Other\maven\maven_resp\org\hamcrest\hamcrest-core\2.2\hamcrest-core-2.2.jar;C:\Other\maven\maven_resp\com\google\code\gson\gson\2.8.9\gson-2.8.9.jar;C:\Other\maven\maven_resp\com\github\xiaoymin\knife4j-spring-boot-starter\2.0.7\knife4j-spring-boot-starter-2.0.7.jar;C:\Other\maven\maven_resp\com\github\xiaoymin\knife4j-spring-boot-autoconfigure\2.0.7\knife4j-spring-boot-autoconfigure-2.0.7.jar;C:\Other\maven\maven_resp\com\github\xiaoymin\knife4j-spring\2.0.7\knife4j-spring-2.0.7.jar;C:\Other\maven\maven_resp\com\github\xiaoymin\knife4j-annotations\2.0.7\knife4j-annotations-2.0.7.jar;C:\Other\maven\maven_resp\com\github\xiaoymin\knife4j-core\2.0.7\knife4j-core-2.0.7.jar;C:\Other\maven\maven_resp\org\javassist\javassist\3.25.0-GA\javassist-3.25.0-GA.jar;C:\Other\maven\maven_resp\io\swagger\swagger-models\1.5.22\swagger-models-1.5.22.jar;C:\Other\maven\maven_resp\io\swagger\swagger-annotations\1.5.22\swagger-annotations-1.5.22.jar;C:\Other\maven\maven_resp\io\springfox\springfox-swagger2\2.10.5\springfox-swagger2-2.10.5.jar;C:\Other\maven\maven_resp\io\springfox\springfox-spi\2.10.5\springfox-spi-2.10.5.jar;C:\Other\maven\maven_resp\io\springfox\springfox-core\2.10.5\springfox-core-2.10.5.jar;C:\Other\maven\maven_resp\io\springfox\springfox-schema\2.10.5\springfox-schema-2.10.5.jar;C:\Other\maven\maven_resp\io\springfox\springfox-swagger-common\2.10.5\springfox-swagger-common-2.10.5.jar;C:\Other\maven\maven_resp\io\springfox\springfox-spring-web\2.10.5\springfox-spring-web-2.10.5.jar;C:\Other\maven\maven_resp\io\github\classgraph\classgraph\4.1.7\classgraph-4.1.7.jar;C:\Other\maven\maven_resp\com\fasterxml\classmate\1.5.1\classmate-1.5.1.jar;C:\Other\maven\maven_resp\org\springframework\plugin\spring-plugin-core\2.0.0.RELEASE\spring-plugin-core-2.0.0.RELEASE.jar;C:\Other\maven\maven_resp\org\springframework\plugin\spring-plugin-metadata\2.0.0.RELEASE\spring-plugin-metadata-2.0.0.RELEASE.jar;C:\Other\maven\maven_resp\org\mapstruct\mapstruct\1.3.1.Final\mapstruct-1.3.1.Final.jar;C:\Other\maven\maven_resp\io\springfox\springfox-bean-validators\2.10.5\springfox-bean-validators-2.10.5.jar;C:\Other\maven\maven_resp\io\springfox\springfox-spring-webmvc\2.10.5\springfox-spring-webmvc-2.10.5.jar;C:\Other\maven\maven_resp\com\github\xiaoymin\knife4j-spring-ui\2.0.7\knife4j-spring-ui-2.0.7.jar;C:\Other\maven\maven_resp\com\alibaba\easyexcel\3.1.0\easyexcel-3.1.0.jar;C:\Other\maven\maven_resp\com\alibaba\easyexcel-core\3.1.0\easyexcel-core-3.1.0.jar;C:\Other\maven\maven_resp\com\alibaba\easyexcel-support\3.1.0\easyexcel-support-3.1.0.jar;C:\Other\maven\maven_resp\org\apache\poi\poi\4.1.2\poi-4.1.2.jar;C:\Other\maven\maven_resp\commons-codec\commons-codec\1.15\commons-codec-1.15.jar;C:\Other\maven\maven_resp\org\apache\commons\commons-collections4\4.4\commons-collections4-4.4.jar;C:\Other\maven\maven_resp\org\apache\commons\commons-math3\3.6.1\commons-math3-3.6.1.jar;C:\Other\maven\maven_resp\com\zaxxer\SparseBitSet\1.2\SparseBitSet-1.2.jar;C:\Other\maven\maven_resp\org\apache\poi\poi-ooxml\4.1.2\poi-ooxml-4.1.2.jar;C:\Other\maven\maven_resp\org\apache\commons\commons-compress\1.19\commons-compress-1.19.jar;C:\Other\maven\maven_resp\com\github\virtuald\curvesapi\1.06\curvesapi-1.06.jar;C:\Other\maven\maven_resp\org\apache\poi\poi-ooxml-schemas\4.1.2\poi-ooxml-schemas-4.1.2.jar;C:\Other\maven\maven_resp\org\apache\xmlbeans\xmlbeans\3.1.0\xmlbeans-3.1.0.jar;C:\Other\maven\maven_resp\org\apache\commons\commons-csv\1.8\commons-csv-1.8.jar;C:\Other\maven\maven_resp\org\ehcache\ehcache\3.9.9\ehcache-3.9.9.jar;C:\Other\maven\maven_resp\org\slf4j\slf4j-api\1.7.36\slf4j-api-1.7.36.jar;"/>
    <property name="java.vm.vendor" value="Oracle Corporation"/>
    <property name="sun.arch.data.model" value="64"/>
    <property name="user.variant" value=""/>
    <property name="java.vendor.url" value="http://java.oracle.com/"/>
    <property name="user.timezone" value="Asia/Shanghai"/>
    <property name="java.vm.specification.version" value="1.8"/>
    <property name="os.name" value="Windows 10"/>
    <property name="user.country" value="CN"/>
    <property name="sun.java.launcher" value="SUN_STANDARD"/>
    <property name="sun.boot.library.path" value="C:\Program Files\Java\jdk1.8.0_201\jre\bin"/>
    <property name="sun.java.command" value="C:\Users\852374~1\AppData\Local\Temp\surefire4166934464475893847\surefirebooter2411621428206610630.jar C:\Users\852374555\AppData\Local\Temp\surefire4166934464475893847 2022-06-20T15-03-22_558-jvmRun1 surefire6267315856917106206tmp surefire_06684364734531713379tmp"/>
    <property name="surefire.test.class.path" value="C:\Other\ideaproject\user-center\target\test-classes;C:\Other\ideaproject\user-center\target\classes;C:\Other\maven\maven_resp\org\springframework\boot\spring-boot-starter-web\2.6.7\spring-boot-starter-web-2.6.7.jar;C:\Other\maven\maven_resp\org\springframework\boot\spring-boot-starter\2.6.7\spring-boot-starter-2.6.7.jar;C:\Other\maven\maven_resp\org\springframework\boot\spring-boot-starter-logging\2.6.7\spring-boot-starter-logging-2.6.7.jar;C:\Other\maven\maven_resp\ch\qos\logback\logback-classic\1.2.11\logback-classic-1.2.11.jar;C:\Other\maven\maven_resp\ch\qos\logback\logback-core\1.2.11\logback-core-1.2.11.jar;C:\Other\maven\maven_resp\org\apache\logging\log4j\log4j-to-slf4j\2.17.2\log4j-to-slf4j-2.17.2.jar;C:\Other\maven\maven_resp\org\apache\logging\log4j\log4j-api\2.17.2\log4j-api-2.17.2.jar;C:\Other\maven\maven_resp\org\slf4j\jul-to-slf4j\1.7.36\jul-to-slf4j-1.7.36.jar;C:\Other\maven\maven_resp\jakarta\annotation\jakarta.annotation-api\1.3.5\jakarta.annotation-api-1.3.5.jar;C:\Other\maven\maven_resp\org\yaml\snakeyaml\1.29\snakeyaml-1.29.jar;C:\Other\maven\maven_resp\org\springframework\boot\spring-boot-starter-json\2.6.7\spring-boot-starter-json-2.6.7.jar;C:\Other\maven\maven_resp\com\fasterxml\jackson\core\jackson-databind\2.13.2.1\jackson-databind-2.13.2.1.jar;C:\Other\maven\maven_resp\com\fasterxml\jackson\core\jackson-annotations\2.13.2\jackson-annotations-2.13.2.jar;C:\Other\maven\maven_resp\com\fasterxml\jackson\core\jackson-core\2.13.2\jackson-core-2.13.2.jar;C:\Other\maven\maven_resp\com\fasterxml\jackson\datatype\jackson-datatype-jdk8\2.13.2\jackson-datatype-jdk8-2.13.2.jar;C:\Other\maven\maven_resp\com\fasterxml\jackson\datatype\jackson-datatype-jsr310\2.13.2\jackson-datatype-jsr310-2.13.2.jar;C:\Other\maven\maven_resp\com\fasterxml\jackson\module\jackson-module-parameter-names\2.13.2\jackson-module-parameter-names-2.13.2.jar;C:\Other\maven\maven_resp\org\springframework\boot\spring-boot-starter-tomcat\2.6.7\spring-boot-starter-tomcat-2.6.7.jar;C:\Other\maven\maven_resp\org\apache\tomcat\embed\tomcat-embed-core\9.0.62\tomcat-embed-core-9.0.62.jar;C:\Other\maven\maven_resp\org\apache\tomcat\embed\tomcat-embed-el\9.0.62\tomcat-embed-el-9.0.62.jar;C:\Other\maven\maven_resp\org\apache\tomcat\embed\tomcat-embed-websocket\9.0.62\tomcat-embed-websocket-9.0.62.jar;C:\Other\maven\maven_resp\org\springframework\spring-web\5.3.19\spring-web-5.3.19.jar;C:\Other\maven\maven_resp\org\springframework\spring-beans\5.3.19\spring-beans-5.3.19.jar;C:\Other\maven\maven_resp\org\springframework\spring-webmvc\5.3.19\spring-webmvc-5.3.19.jar;C:\Other\maven\maven_resp\org\springframework\spring-aop\5.3.19\spring-aop-5.3.19.jar;C:\Other\maven\maven_resp\org\springframework\spring-context\5.3.19\spring-context-5.3.19.jar;C:\Other\maven\maven_resp\org\springframework\spring-expression\5.3.19\spring-expression-5.3.19.jar;C:\Other\maven\maven_resp\org\mybatis\spring\boot\mybatis-spring-boot-starter\2.2.2\mybatis-spring-boot-starter-2.2.2.jar;C:\Other\maven\maven_resp\org\springframework\boot\spring-boot-starter-jdbc\2.6.7\spring-boot-starter-jdbc-2.6.7.jar;C:\Other\maven\maven_resp\com\zaxxer\HikariCP\4.0.3\HikariCP-4.0.3.jar;C:\Other\maven\maven_resp\org\springframework\spring-jdbc\5.3.19\spring-jdbc-5.3.19.jar;C:\Other\maven\maven_resp\org\springframework\spring-tx\5.3.19\spring-tx-5.3.19.jar;C:\Other\maven\maven_resp\org\mybatis\spring\boot\mybatis-spring-boot-autoconfigure\2.2.2\mybatis-spring-boot-autoconfigure-2.2.2.jar;C:\Other\maven\maven_resp\org\mybatis\mybatis\3.5.9\mybatis-3.5.9.jar;C:\Other\maven\maven_resp\org\mybatis\mybatis-spring\2.0.7\mybatis-spring-2.0.7.jar;C:\Other\maven\maven_resp\org\springframework\boot\spring-boot-devtools\2.6.7\spring-boot-devtools-2.6.7.jar;C:\Other\maven\maven_resp\org\springframework\boot\spring-boot\2.6.7\spring-boot-2.6.7.jar;C:\Other\maven\maven_resp\org\springframework\boot\spring-boot-autoconfigure\2.6.7\spring-boot-autoconfigure-2.6.7.jar;C:\Other\maven\maven_resp\mysql\mysql-connector-java\8.0.28\mysql-connector-java-8.0.28.jar;C:\Other\maven\maven_resp\org\apache\commons\commons-lang3\3.12.0\commons-lang3-3.12.0.jar;C:\Other\maven\maven_resp\org\springframework\boot\spring-boot-configuration-processor\2.6.7\spring-boot-configuration-processor-2.6.7.jar;C:\Other\maven\maven_resp\org\projectlombok\lombok\1.18.24\lombok-1.18.24.jar;C:\Other\maven\maven_resp\com\baomidou\mybatis-plus-boot-starter\3.5.1\mybatis-plus-boot-starter-3.5.1.jar;C:\Other\maven\maven_resp\com\baomidou\mybatis-plus\3.5.1\mybatis-plus-3.5.1.jar;C:\Other\maven\maven_resp\com\baomidou\mybatis-plus-extension\3.5.1\mybatis-plus-extension-3.5.1.jar;C:\Other\maven\maven_resp\com\baomidou\mybatis-plus-core\3.5.1\mybatis-plus-core-3.5.1.jar;C:\Other\maven\maven_resp\com\baomidou\mybatis-plus-annotation\3.5.1\mybatis-plus-annotation-3.5.1.jar;C:\Other\maven\maven_resp\com\github\jsqlparser\jsqlparser\4.3\jsqlparser-4.3.jar;C:\Other\maven\maven_resp\org\springframework\boot\spring-boot-starter-test\2.6.7\spring-boot-starter-test-2.6.7.jar;C:\Other\maven\maven_resp\org\springframework\boot\spring-boot-test\2.6.7\spring-boot-test-2.6.7.jar;C:\Other\maven\maven_resp\org\springframework\boot\spring-boot-test-autoconfigure\2.6.7\spring-boot-test-autoconfigure-2.6.7.jar;C:\Other\maven\maven_resp\com\jayway\jsonpath\json-path\2.6.0\json-path-2.6.0.jar;C:\Other\maven\maven_resp\net\minidev\json-smart\2.4.8\json-smart-2.4.8.jar;C:\Other\maven\maven_resp\net\minidev\accessors-smart\2.4.8\accessors-smart-2.4.8.jar;C:\Other\maven\maven_resp\org\ow2\asm\asm\9.1\asm-9.1.jar;C:\Other\maven\maven_resp\jakarta\xml\bind\jakarta.xml.bind-api\2.3.3\jakarta.xml.bind-api-2.3.3.jar;C:\Other\maven\maven_resp\jakarta\activation\jakarta.activation-api\1.2.2\jakarta.activation-api-1.2.2.jar;C:\Other\maven\maven_resp\org\assertj\assertj-core\3.21.0\assertj-core-3.21.0.jar;C:\Other\maven\maven_resp\org\hamcrest\hamcrest\2.2\hamcrest-2.2.jar;C:\Other\maven\maven_resp\org\junit\jupiter\junit-jupiter\5.8.2\junit-jupiter-5.8.2.jar;C:\Other\maven\maven_resp\org\junit\jupiter\junit-jupiter-api\5.8.2\junit-jupiter-api-5.8.2.jar;C:\Other\maven\maven_resp\org\opentest4j\opentest4j\1.2.0\opentest4j-1.2.0.jar;C:\Other\maven\maven_resp\org\junit\platform\junit-platform-commons\1.8.2\junit-platform-commons-1.8.2.jar;C:\Other\maven\maven_resp\org\apiguardian\apiguardian-api\1.1.2\apiguardian-api-1.1.2.jar;C:\Other\maven\maven_resp\org\junit\jupiter\junit-jupiter-params\5.8.2\junit-jupiter-params-5.8.2.jar;C:\Other\maven\maven_resp\org\junit\jupiter\junit-jupiter-engine\5.8.2\junit-jupiter-engine-5.8.2.jar;C:\Other\maven\maven_resp\org\junit\platform\junit-platform-engine\1.8.2\junit-platform-engine-1.8.2.jar;C:\Other\maven\maven_resp\org\mockito\mockito-core\4.0.0\mockito-core-4.0.0.jar;C:\Other\maven\maven_resp\net\bytebuddy\byte-buddy\1.11.22\byte-buddy-1.11.22.jar;C:\Other\maven\maven_resp\net\bytebuddy\byte-buddy-agent\1.11.22\byte-buddy-agent-1.11.22.jar;C:\Other\maven\maven_resp\org\objenesis\objenesis\3.2\objenesis-3.2.jar;C:\Other\maven\maven_resp\org\mockito\mockito-junit-jupiter\4.0.0\mockito-junit-jupiter-4.0.0.jar;C:\Other\maven\maven_resp\org\skyscreamer\jsonassert\1.5.0\jsonassert-1.5.0.jar;C:\Other\maven\maven_resp\com\vaadin\external\google\android-json\0.0.20131108.vaadin1\android-json-0.0.20131108.vaadin1.jar;C:\Other\maven\maven_resp\org\springframework\spring-core\5.3.19\spring-core-5.3.19.jar;C:\Other\maven\maven_resp\org\springframework\spring-jcl\5.3.19\spring-jcl-5.3.19.jar;C:\Other\maven\maven_resp\org\springframework\spring-test\5.3.19\spring-test-5.3.19.jar;C:\Other\maven\maven_resp\org\xmlunit\xmlunit-core\2.8.4\xmlunit-core-2.8.4.jar;C:\Other\maven\maven_resp\junit\junit\4.13.2\junit-4.13.2.jar;C:\Other\maven\maven_resp\org\hamcrest\hamcrest-core\2.2\hamcrest-core-2.2.jar;C:\Other\maven\maven_resp\com\google\code\gson\gson\2.8.9\gson-2.8.9.jar;C:\Other\maven\maven_resp\com\github\xiaoymin\knife4j-spring-boot-starter\2.0.7\knife4j-spring-boot-starter-2.0.7.jar;C:\Other\maven\maven_resp\com\github\xiaoymin\knife4j-spring-boot-autoconfigure\2.0.7\knife4j-spring-boot-autoconfigure-2.0.7.jar;C:\Other\maven\maven_resp\com\github\xiaoymin\knife4j-spring\2.0.7\knife4j-spring-2.0.7.jar;C:\Other\maven\maven_resp\com\github\xiaoymin\knife4j-annotations\2.0.7\knife4j-annotations-2.0.7.jar;C:\Other\maven\maven_resp\com\github\xiaoymin\knife4j-core\2.0.7\knife4j-core-2.0.7.jar;C:\Other\maven\maven_resp\org\javassist\javassist\3.25.0-GA\javassist-3.25.0-GA.jar;C:\Other\maven\maven_resp\io\swagger\swagger-models\1.5.22\swagger-models-1.5.22.jar;C:\Other\maven\maven_resp\io\swagger\swagger-annotations\1.5.22\swagger-annotations-1.5.22.jar;C:\Other\maven\maven_resp\io\springfox\springfox-swagger2\2.10.5\springfox-swagger2-2.10.5.jar;C:\Other\maven\maven_resp\io\springfox\springfox-spi\2.10.5\springfox-spi-2.10.5.jar;C:\Other\maven\maven_resp\io\springfox\springfox-core\2.10.5\springfox-core-2.10.5.jar;C:\Other\maven\maven_resp\io\springfox\springfox-schema\2.10.5\springfox-schema-2.10.5.jar;C:\Other\maven\maven_resp\io\springfox\springfox-swagger-common\2.10.5\springfox-swagger-common-2.10.5.jar;C:\Other\maven\maven_resp\io\springfox\springfox-spring-web\2.10.5\springfox-spring-web-2.10.5.jar;C:\Other\maven\maven_resp\io\github\classgraph\classgraph\4.1.7\classgraph-4.1.7.jar;C:\Other\maven\maven_resp\com\fasterxml\classmate\1.5.1\classmate-1.5.1.jar;C:\Other\maven\maven_resp\org\springframework\plugin\spring-plugin-core\2.0.0.RELEASE\spring-plugin-core-2.0.0.RELEASE.jar;C:\Other\maven\maven_resp\org\springframework\plugin\spring-plugin-metadata\2.0.0.RELEASE\spring-plugin-metadata-2.0.0.RELEASE.jar;C:\Other\maven\maven_resp\org\mapstruct\mapstruct\1.3.1.Final\mapstruct-1.3.1.Final.jar;C:\Other\maven\maven_resp\io\springfox\springfox-bean-validators\2.10.5\springfox-bean-validators-2.10.5.jar;C:\Other\maven\maven_resp\io\springfox\springfox-spring-webmvc\2.10.5\springfox-spring-webmvc-2.10.5.jar;C:\Other\maven\maven_resp\com\github\xiaoymin\knife4j-spring-ui\2.0.7\knife4j-spring-ui-2.0.7.jar;C:\Other\maven\maven_resp\com\alibaba\easyexcel\3.1.0\easyexcel-3.1.0.jar;C:\Other\maven\maven_resp\com\alibaba\easyexcel-core\3.1.0\easyexcel-core-3.1.0.jar;C:\Other\maven\maven_resp\com\alibaba\easyexcel-support\3.1.0\easyexcel-support-3.1.0.jar;C:\Other\maven\maven_resp\org\apache\poi\poi\4.1.2\poi-4.1.2.jar;C:\Other\maven\maven_resp\commons-codec\commons-codec\1.15\commons-codec-1.15.jar;C:\Other\maven\maven_resp\org\apache\commons\commons-collections4\4.4\commons-collections4-4.4.jar;C:\Other\maven\maven_resp\org\apache\commons\commons-math3\3.6.1\commons-math3-3.6.1.jar;C:\Other\maven\maven_resp\com\zaxxer\SparseBitSet\1.2\SparseBitSet-1.2.jar;C:\Other\maven\maven_resp\org\apache\poi\poi-ooxml\4.1.2\poi-ooxml-4.1.2.jar;C:\Other\maven\maven_resp\org\apache\commons\commons-compress\1.19\commons-compress-1.19.jar;C:\Other\maven\maven_resp\com\github\virtuald\curvesapi\1.06\curvesapi-1.06.jar;C:\Other\maven\maven_resp\org\apache\poi\poi-ooxml-schemas\4.1.2\poi-ooxml-schemas-4.1.2.jar;C:\Other\maven\maven_resp\org\apache\xmlbeans\xmlbeans\3.1.0\xmlbeans-3.1.0.jar;C:\Other\maven\maven_resp\org\apache\commons\commons-csv\1.8\commons-csv-1.8.jar;C:\Other\maven\maven_resp\org\ehcache\ehcache\3.9.9\ehcache-3.9.9.jar;C:\Other\maven\maven_resp\org\slf4j\slf4j-api\1.7.36\slf4j-api-1.7.36.jar;"/>
    <property name="sun.cpu.endian" value="little"/>
    <property name="user.home" value="C:\Users\852374555"/>
    <property name="user.language" value="zh"/>
    <property name="java.specification.vendor" value="Oracle Corporation"/>
    <property name="java.home" value="C:\Program Files\Java\jdk1.8.0_201\jre"/>
    <property name="basedir" value="C:\Other\ideaproject\user-center"/>
    <property name="file.separator" value="\"/>
    <property name="line.separator" value="&#10;"/>
    <property name="idea.version2019.2.4" value="true"/>
    <property name="java.vm.specification.vendor" value="Oracle Corporation"/>
    <property name="java.specification.name" value="Java Platform API Specification"/>
    <property name="java.awt.graphicsenv" value="sun.awt.Win32GraphicsEnvironment"/>
    <property name="surefire.real.class.path" value="C:\Users\852374~1\AppData\Local\Temp\surefire4166934464475893847\surefirebooter2411621428206610630.jar"/>
    <property name="sun.boot.class.path" value="C:\Program Files\Java\jdk1.8.0_201\jre\lib\resources.jar;C:\Program Files\Java\jdk1.8.0_201\jre\lib\rt.jar;C:\Program Files\Java\jdk1.8.0_201\jre\lib\sunrsasign.jar;C:\Program Files\Java\jdk1.8.0_201\jre\lib\jsse.jar;C:\Program Files\Java\jdk1.8.0_201\jre\lib\jce.jar;C:\Program Files\Java\jdk1.8.0_201\jre\lib\charsets.jar;C:\Program Files\Java\jdk1.8.0_201\jre\lib\jfr.jar;C:\Program Files\Java\jdk1.8.0_201\jre\classes"/>
    <property name="user.script" value=""/>
    <property name="sun.management.compiler" value="HotSpot 64-Bit Tiered Compilers"/>
    <property name="java.runtime.version" value="1.8.0_201-b09"/>
    <property name="user.name" value="852374555"/>
    <property name="path.separator" value=";"/>
    <property name="os.version" value="10.0"/>
    <property name="java.endorsed.dirs" value="C:\Program Files\Java\jdk1.8.0_201\jre\lib\endorsed"/>
    <property name="java.runtime.name" value="Java(TM) SE Runtime Environment"/>
    <property name="file.encoding" value="GBK"/>
    <property name="java.vm.name" value="Java HotSpot(TM) 64-Bit Server VM"/>
    <property name="localRepository" value="C:\Other\maven\maven_resp"/>
    <property name="java.vendor.url.bug" value="http://bugreport.sun.com/bugreport/"/>
    <property name="java.io.tmpdir" value="C:\Users\852374~1\AppData\Local\Temp\"/>
    <property name="java.version" value="1.8.0_201"/>
    <property name="user.dir" value="C:\Other\ideaproject\user-center"/>
    <property name="os.arch" value="amd64"/>
    <property name="java.vm.specification.name" value="Java Virtual Machine Specification"/>
    <property name="java.awt.printerjob" value="sun.awt.windows.WPrinterJob"/>
    <property name="sun.os.patch.level" value=""/>
    <property name="java.library.path" value="C:\Program Files\Java\jdk1.8.0_201\jre\bin;C:\WINDOWS\Sun\Java\bin;C:\WINDOWS\system32;C:\WINDOWS;C:\Program Files (x86)\Common Files\Oracle\Java\javapath;C:\ProgramData\Oracle\Java\javapath;C:\Windows\system32;C:\Windows;C:\Windows\System32\Wbem;C:\Windows\System32\WindowsPowerShell\v1.0\;C:\Windows\System32\OpenSSH\;C:\Program Files\NVIDIA Corporation\NVIDIA NvDLISR;C:\WINDOWS\system32;C:\WINDOWS;C:\WINDOWS\System32\Wbem;C:\WINDOWS\System32\WindowsPowerShell\v1.0\;C:\WINDOWS\System32\OpenSSH\;C:\Program Files (x86)\NVIDIA Corporation\PhysX\Common;C:\Program Files\Microsoft SQL Server\Client SDK\ODBC\170\Tools\Binn\;C:\Program Files (x86)\Microsoft SQL Server\150\Tools\Binn\;C:\Program Files\Microsoft SQL Server\150\Tools\Binn\;C:\Program Files\Microsoft SQL Server\150\DTS\Binn\;C:\Other\sql2\150\DTS\Binn\;C:\Other\sql1\150\DTS\Binn\;C:\Program Files (x86)\Microsoft SQL Server\150\DTS\Binn\;C:\Program Files\Azure Data Studio\bin;C:\Program Files\Java\jdk1.8.0_201\bin;C:\Program Files\Java\jdk1.8.0_201\jre\bin;C:\Other\mysql\mysql-5.7.24-winx64\bin;&quot;C:\Program Files\Java\jdk1.8.0_201\bin;C:\Program Files\Java\jdk1.8.0_201\jre\bin;&quot;;C:\Other\maven\apache-maven-3.8.4\bin;C:\Other\virtualbox;C:\Other\Tomcat\apache-tomcat-8.5.68\bin;C:\Other\Tomcat\apache-tomcat-8.5.68\lib;C:\program\nodejs\;C:\Other\yarn\bin\;C:\Other\git\Git\cmd;C:\Other\putty\;C:\program\nodejs\node_global;C:\Users\852374555\AppData\Local\Programs\Python\Python38\Scripts\;C:\Users\852374555\AppData\Local\Programs\Python\Python38\;C:\Users\852374555\AppData\Local\Microsoft\WindowsApps;C:\Other\java\IntelliJ IDEA 2019.2.4\bin;;C:\Program Files\Azure Data Studio\bin;C:\Other\pycharm\PyCharm Community Edition 2021.3.3\bin;;C:\program\nodejs\node_global\;;C:\program\webstrom\WebStorm 2022.1.1\bin;;C:\Users\852374555\AppData\Local\Yarn\bin;."/>
    <property name="java.vm.info" value="mixed mode"/>
    <property name="java.vendor" value="Oracle Corporation"/>
    <property name="java.vm.version" value="25.201-b09"/>
    <property name="java.ext.dirs" value="C:\Program Files\Java\jdk1.8.0_201\jre\lib\ext;C:\WINDOWS\Sun\Java\lib\ext"/>
    <property name="sun.io.unicode.encoding" value="UnicodeLittle"/>
    <property name="maven.repo.local" value="C:\Other\maven\maven_resp"/>
    <property name="java.class.version" value="52.0"/>
  </properties>
  <testcase name="searchUsersByTags" classname="com.ck.usercenter.service.UserServiceTest" time="1.379"/>
</testsuite>